{"level":"info","message":"All cron jobs started","timestamp":"2024-11-12T11:39:20.788Z"}
{"level":"info","message":"All cron jobs started","timestamp":"2024-11-12T11:41:04.652Z"}
{"level":"info","message":"All cron jobs started","timestamp":"2024-11-12T11:41:17.108Z"}
{"level":"info","message":"All cron jobs started","timestamp":"2024-11-12T11:50:05.482Z"}
{"level":"info","message":"All cron jobs started","timestamp":"2024-11-12T11:53:08.752Z"}
{"level":"info","message":"All cron jobs started","timestamp":"2024-11-12T11:53:13.878Z"}
{"level":"info","message":"All cron jobs started","timestamp":"2024-11-12T11:57:00.195Z"}
{"level":"info","message":"All cron jobs started","timestamp":"2024-11-12T11:57:44.828Z"}
{"level":"info","message":"All cron jobs started","timestamp":"2024-11-12T11:58:24.395Z"}
{"level":"info","message":"All cron jobs started","timestamp":"2024-11-12T11:58:38.324Z"}
{"level":"info","message":"All cron jobs started","timestamp":"2024-11-12T11:58:59.713Z"}
{"level":"info","message":"All cron jobs started","timestamp":"2024-11-12T12:01:02.080Z"}
{"level":"info","message":"All cron jobs started","timestamp":"2024-11-12T12:01:03.258Z"}
{"level":"info","message":"All cron jobs started","timestamp":"2024-11-12T12:01:09.592Z"}
{"level":"info","message":"All cron jobs started","timestamp":"2024-11-12T12:02:07.559Z"}
{"level":"info","message":"All cron jobs started","timestamp":"2024-11-12T12:02:09.963Z"}
{"level":"info","message":"All cron jobs started","timestamp":"2024-11-12T12:02:12.230Z"}
{"level":"info","message":"All cron jobs started","timestamp":"2024-11-12T12:02:13.447Z"}
{"level":"info","message":"All cron jobs started","timestamp":"2024-11-12T12:02:27.601Z"}
{"level":"info","message":"All cron jobs started","timestamp":"2024-11-12T12:02:44.222Z"}
{"level":"info","message":"All cron jobs started","timestamp":"2024-11-12T12:02:56.560Z"}
{"level":"info","message":"All cron jobs started","timestamp":"2024-11-12T12:03:15.330Z"}
{"level":"info","message":"All cron jobs started","timestamp":"2024-11-12T12:03:17.081Z"}
{"level":"info","message":"All cron jobs started","timestamp":"2024-11-12T12:05:38.001Z"}
{"level":"info","message":"All cron jobs started","timestamp":"2024-11-12T12:05:49.951Z"}
{"level":"info","message":"All cron jobs started","timestamp":"2024-11-12T12:07:01.402Z"}
{"level":"info","message":"All cron jobs started","timestamp":"2024-11-12T12:07:04.747Z"}
{"level":"info","message":"All cron jobs started","timestamp":"2024-11-12T12:14:43.659Z"}
{"level":"info","message":"All cron jobs started","timestamp":"2024-11-12T12:15:05.281Z"}
{"level":"info","message":"All cron jobs started","timestamp":"2024-11-12T12:15:06.385Z"}
{"level":"info","message":"All cron jobs started","timestamp":"2024-11-12T12:15:08.758Z"}
{"level":"info","message":"All cron jobs started","timestamp":"2024-11-12T12:16:44.014Z"}
{"level":"info","message":"All cron jobs started","timestamp":"2024-11-12T12:16:58.968Z"}
{"level":"info","message":"All cron jobs started","timestamp":"2024-11-12T12:17:36.820Z"}
{"level":"info","message":"All cron jobs started","timestamp":"2024-11-12T12:17:49.647Z"}
{"level":"info","message":"All cron jobs started","timestamp":"2024-11-12T12:21:15.235Z"}
{"level":"info","message":"All cron jobs started","timestamp":"2024-11-12T12:21:17.571Z"}
{"level":"info","message":"All cron jobs started","timestamp":"2024-11-12T12:21:18.543Z"}
{"level":"info","message":"All cron jobs started","timestamp":"2024-11-12T12:21:25.870Z"}
{"level":"info","message":"All cron jobs started","timestamp":"2024-11-12T12:21:27.102Z"}
{"level":"info","message":"All cron jobs started","timestamp":"2024-11-12T12:21:40.455Z"}
{"level":"info","message":"All cron jobs started","timestamp":"2024-11-12T12:21:42.076Z"}
{"level":"info","message":"All cron jobs started","timestamp":"2024-11-12T12:21:48.312Z"}
{"level":"info","message":"All cron jobs started","timestamp":"2024-11-12T12:21:54.177Z"}
{"level":"info","message":"All cron jobs started","timestamp":"2024-11-12T12:21:56.838Z"}
{"level":"info","message":"All cron jobs started","timestamp":"2024-11-12T12:22:38.373Z"}
{"level":"info","message":"All cron jobs started","timestamp":"2024-11-12T12:22:40.812Z"}
{"level":"info","message":"All cron jobs started","timestamp":"2024-11-12T12:22:42.116Z"}
{"level":"info","message":"All cron jobs started","timestamp":"2024-11-12T12:22:48.161Z"}
{"level":"info","message":"All cron jobs started","timestamp":"2024-11-12T12:23:26.173Z"}
{"level":"info","message":"All cron jobs started","timestamp":"2024-11-12T12:23:43.264Z"}
{"level":"info","message":"All cron jobs started","timestamp":"2024-11-12T12:23:51.427Z"}
{"level":"info","message":"All cron jobs started","timestamp":"2024-11-12T12:24:03.462Z"}
{"level":"info","message":"All cron jobs started","timestamp":"2024-11-12T12:24:10.768Z"}
{"level":"info","message":"All cron jobs started","timestamp":"2024-11-12T12:24:12.190Z"}
{"level":"info","message":"All cron jobs started","timestamp":"2024-11-12T12:24:17.403Z"}
{"level":"info","message":"All cron jobs started","timestamp":"2024-11-12T12:24:18.886Z"}
{"level":"info","message":"All cron jobs started","timestamp":"2024-11-12T12:24:23.132Z"}
{"level":"info","message":"All cron jobs started","timestamp":"2024-11-12T12:24:29.871Z"}
{"level":"info","message":"All cron jobs started","timestamp":"2024-11-12T12:24:36.916Z"}
{"level":"info","message":"All cron jobs started","timestamp":"2024-11-12T12:24:44.951Z"}
{"level":"info","message":"All cron jobs started","timestamp":"2024-11-12T12:25:00.058Z"}
{"level":"info","message":"All cron jobs started","timestamp":"2024-11-12T12:25:02.656Z"}
{"level":"info","message":"All cron jobs started","timestamp":"2024-11-12T12:25:03.707Z"}
{"level":"info","message":"All cron jobs started","timestamp":"2024-11-12T12:25:12.957Z"}
{"level":"info","message":"All cron jobs started","timestamp":"2024-11-12T12:25:15.764Z"}
{"level":"info","message":"All cron jobs started","timestamp":"2024-11-12T12:25:28.250Z"}
{"level":"info","message":"All cron jobs started","timestamp":"2024-11-12T12:25:32.404Z"}
{"level":"info","message":"All cron jobs started","timestamp":"2024-11-12T12:25:47.952Z"}
{"level":"info","message":"All cron jobs started","timestamp":"2024-11-12T12:25:49.070Z"}
{"level":"info","message":"All cron jobs started","timestamp":"2024-11-12T12:25:54.605Z"}
{"level":"info","message":"All cron jobs started","timestamp":"2024-11-12T12:26:00.018Z"}
{"level":"info","message":"All cron jobs started","timestamp":"2024-11-12T12:26:04.415Z"}
{"level":"info","message":"All cron jobs started","timestamp":"2024-11-12T12:26:07.247Z"}
{"level":"info","message":"All cron jobs started","timestamp":"2024-11-12T12:26:26.686Z"}
{"level":"info","message":"All cron jobs started","timestamp":"2024-11-12T12:26:29.343Z"}
{"level":"info","message":"All cron jobs started","timestamp":"2024-11-12T12:26:31.869Z"}
{"level":"info","message":"All cron jobs started","timestamp":"2024-11-12T12:26:33.763Z"}
{"level":"info","message":"All cron jobs started","timestamp":"2024-11-12T12:26:35.078Z"}
{"level":"info","message":"All cron jobs started","timestamp":"2024-11-12T12:26:36.647Z"}
{"level":"info","message":"All cron jobs started","timestamp":"2024-11-12T12:26:38.965Z"}
{"level":"info","message":"All cron jobs started","timestamp":"2024-11-12T12:26:52.045Z"}
{"level":"info","message":"All cron jobs started","timestamp":"2024-11-12T12:28:30.020Z"}
{"level":"info","message":"All cron jobs started","timestamp":"2024-11-12T12:31:21.181Z"}
{"level":"info","message":"All cron jobs started","timestamp":"2024-11-12T12:38:01.357Z"}
{"level":"info","message":"All cron jobs started","timestamp":"2024-11-12T12:38:21.568Z"}
{"level":"info","message":"All cron jobs started","timestamp":"2024-11-12T12:43:28.908Z"}
{"level":"info","message":"All cron jobs started","timestamp":"2024-11-12T12:43:42.607Z"}
{"level":"info","message":"All cron jobs started","timestamp":"2024-11-12T12:43:51.814Z"}
{"level":"info","message":"All cron jobs started","timestamp":"2024-11-12T12:44:02.084Z"}
{"level":"info","message":"All cron jobs started","timestamp":"2024-11-12T12:44:46.423Z"}
{"level":"info","message":"All cron jobs started","timestamp":"2024-11-12T12:46:19.939Z"}
{"level":"info","message":"All cron jobs started","timestamp":"2024-11-12T12:46:31.517Z"}
{"level":"info","message":"All cron jobs started","timestamp":"2024-11-12T12:58:56.726Z"}
{"level":"info","message":"All cron jobs started","timestamp":"2024-11-12T12:58:57.938Z"}
{"level":"info","message":"All cron jobs started","timestamp":"2024-11-12T12:59:09.460Z"}
{"level":"info","message":"All cron jobs started","timestamp":"2024-11-12T12:59:13.683Z"}
{"level":"info","message":"All cron jobs started","timestamp":"2024-11-12T13:00:40.721Z"}
{"level":"info","message":"All cron jobs started","timestamp":"2024-11-12T13:00:53.820Z"}
{"level":"info","message":"All cron jobs started","timestamp":"2024-11-12T13:01:37.969Z"}
{"level":"info","message":"All cron jobs started","timestamp":"2024-11-12T13:06:56.546Z"}
{"level":"info","message":"All cron jobs started","timestamp":"2024-11-12T13:07:08.688Z"}
{"level":"info","message":"All cron jobs started","timestamp":"2024-11-12T13:07:11.072Z"}
{"level":"info","message":"All cron jobs started","timestamp":"2024-11-12T13:08:29.157Z"}
{"level":"info","message":"All cron jobs started","timestamp":"2024-11-12T13:08:31.079Z"}
{"level":"info","message":"All cron jobs started","timestamp":"2024-11-12T13:08:32.571Z"}
{"level":"info","message":"All cron jobs started","timestamp":"2024-11-12T13:08:37.309Z"}
{"level":"info","message":"All cron jobs started","timestamp":"2024-11-12T13:08:51.229Z"}
{"level":"info","message":"All cron jobs started","timestamp":"2024-11-12T13:08:52.505Z"}
{"level":"info","message":"All cron jobs started","timestamp":"2024-11-12T13:08:56.591Z"}
{"level":"info","message":"All cron jobs started","timestamp":"2024-11-12T13:09:06.409Z"}
{"level":"info","message":"All cron jobs started","timestamp":"2024-11-12T13:09:23.731Z"}
{"level":"info","message":"All cron jobs started","timestamp":"2024-11-12T13:09:30.412Z"}
{"level":"info","message":"All cron jobs started","timestamp":"2024-11-12T13:10:29.208Z"}
{"level":"info","message":"All cron jobs started","timestamp":"2024-11-12T13:10:30.526Z"}
{"level":"info","message":"All cron jobs started","timestamp":"2024-11-12T13:13:03.991Z"}
{"level":"info","message":"All cron jobs started","timestamp":"2024-11-12T13:16:57.892Z"}
{"level":"info","message":"All cron jobs started","timestamp":"2024-11-12T13:18:53.527Z"}
{"level":"info","message":"All cron jobs started","timestamp":"2024-11-12T13:19:13.829Z"}
{"level":"info","message":"All cron jobs started","timestamp":"2024-11-12T13:19:30.423Z"}
{"level":"info","message":"All cron jobs started","timestamp":"2024-11-12T13:19:44.517Z"}
{"level":"info","message":"All cron jobs started","timestamp":"2024-11-12T13:20:10.660Z"}
{"level":"info","message":"All cron jobs started","timestamp":"2024-11-12T13:20:37.248Z"}
{"level":"info","message":"All cron jobs started","timestamp":"2024-11-12T13:21:01.668Z"}
{"level":"info","message":"All cron jobs started","timestamp":"2024-11-12T13:21:06.372Z"}
{"level":"info","message":"All cron jobs started","timestamp":"2024-11-12T13:26:45.691Z"}
{"level":"info","message":"All cron jobs started","timestamp":"2024-11-12T13:27:08.357Z"}
{"level":"info","message":"All cron jobs started","timestamp":"2024-11-12T13:27:23.730Z"}
{"level":"info","message":"All cron jobs started","timestamp":"2024-11-12T13:27:55.743Z"}
{"level":"info","message":"All cron jobs started","timestamp":"2024-11-12T13:28:01.824Z"}
{"level":"info","message":"All cron jobs started","timestamp":"2024-11-12T13:32:02.571Z"}
{"level":"info","message":"All cron jobs started","timestamp":"2024-11-12T13:32:26.113Z"}
{"level":"info","message":"All cron jobs started","timestamp":"2024-11-12T13:33:07.310Z"}
{"level":"info","message":"All cron jobs started","timestamp":"2024-11-12T13:33:10.914Z"}
{"level":"info","message":"All cron jobs started","timestamp":"2024-11-12T13:33:13.885Z"}
{"level":"info","message":"All cron jobs started","timestamp":"2024-11-12T13:33:27.323Z"}
{"level":"info","message":"All cron jobs started","timestamp":"2024-11-12T13:33:29.325Z"}
{"level":"info","message":"All cron jobs started","timestamp":"2024-11-12T13:33:38.825Z"}
{"level":"info","message":"All cron jobs started","timestamp":"2024-11-12T13:33:58.597Z"}
{"level":"info","message":"All cron jobs started","timestamp":"2024-11-12T13:34:04.099Z"}
{"level":"info","message":"All cron jobs started","timestamp":"2024-11-12T13:43:42.688Z"}
{"level":"info","message":"All cron jobs started","timestamp":"2024-11-12T13:45:25.896Z"}
{"level":"info","message":"All cron jobs started","timestamp":"2024-11-12T13:53:42.879Z"}
{"level":"info","message":"All cron jobs started","timestamp":"2024-11-12T13:53:53.494Z"}
{"level":"info","message":"All cron jobs started","timestamp":"2024-11-12T13:53:56.539Z"}
{"level":"info","message":"All cron jobs started","timestamp":"2024-11-12T13:58:27.933Z"}
{"level":"info","message":"All cron jobs started","timestamp":"2024-11-12T13:58:43.576Z"}
{"level":"info","message":"All cron jobs started","timestamp":"2024-11-12T13:58:50.560Z"}
{"level":"info","message":"All cron jobs started","timestamp":"2024-11-12T14:01:04.321Z"}
{"level":"info","message":"All cron jobs started","timestamp":"2024-11-12T14:01:15.164Z"}
{"level":"info","message":"All cron jobs started","timestamp":"2024-11-12T14:01:29.276Z"}
{"level":"info","message":"All cron jobs started","timestamp":"2024-11-12T14:01:49.652Z"}
{"level":"info","message":"All cron jobs started","timestamp":"2024-11-12T14:01:51.090Z"}
{"level":"info","message":"All cron jobs started","timestamp":"2024-11-12T14:01:54.057Z"}
{"level":"info","message":"All cron jobs started","timestamp":"2024-11-12T14:02:11.669Z"}
{"level":"info","message":"All cron jobs started","timestamp":"2024-11-12T14:02:25.627Z"}
{"level":"info","message":"All cron jobs started","timestamp":"2024-11-12T14:02:29.691Z"}
{"level":"info","message":"All cron jobs started","timestamp":"2024-11-12T14:02:33.654Z"}
{"level":"info","message":"All cron jobs started","timestamp":"2024-11-12T14:02:38.879Z"}
{"level":"info","message":"All cron jobs started","timestamp":"2024-11-12T14:02:42.463Z"}
{"level":"info","message":"All cron jobs started","timestamp":"2024-11-12T14:02:45.844Z"}
{"level":"info","message":"All cron jobs started","timestamp":"2024-11-12T14:02:46.653Z"}
{"level":"info","message":"All cron jobs started","timestamp":"2024-11-12T14:02:50.590Z"}
{"level":"info","message":"All cron jobs started","timestamp":"2024-11-12T14:02:55.060Z"}
{"level":"info","message":"All cron jobs started","timestamp":"2024-11-12T14:03:05.406Z"}
{"level":"info","message":"All cron jobs started","timestamp":"2024-11-12T14:03:11.122Z"}
{"level":"info","message":"All cron jobs started","timestamp":"2024-11-12T14:06:51.636Z"}
{"level":"info","message":"All cron jobs started","timestamp":"2024-11-12T14:06:53.537Z"}
{"level":"info","message":"All cron jobs started","timestamp":"2024-11-12T14:06:56.261Z"}
{"level":"info","message":"All cron jobs started","timestamp":"2024-11-12T14:07:03.995Z"}
{"level":"info","message":"All cron jobs started","timestamp":"2024-11-12T14:07:12.424Z"}
{"level":"info","message":"All cron jobs started","timestamp":"2024-11-12T14:07:13.786Z"}
{"level":"info","message":"All cron jobs started","timestamp":"2024-11-12T14:07:16.228Z"}
{"level":"info","message":"All cron jobs started","timestamp":"2024-11-12T14:07:25.151Z"}
{"level":"info","message":"All cron jobs started","timestamp":"2024-11-12T14:07:47.941Z"}
{"level":"info","message":"All cron jobs started","timestamp":"2024-11-12T14:07:49.556Z"}
{"level":"info","message":"All cron jobs started","timestamp":"2024-11-12T14:08:53.514Z"}
{"level":"info","message":"All cron jobs started","timestamp":"2024-11-12T14:09:02.055Z"}
{"level":"info","message":"All cron jobs started","timestamp":"2024-11-12T14:09:05.194Z"}
{"level":"info","message":"All cron jobs started","timestamp":"2024-11-12T14:09:12.378Z"}
{"level":"info","message":"All cron jobs started","timestamp":"2024-11-12T14:09:31.491Z"}
{"level":"info","message":"All cron jobs started","timestamp":"2024-11-12T14:09:38.301Z"}
{"level":"info","message":"All cron jobs started","timestamp":"2024-11-12T14:10:25.034Z"}
{"level":"info","message":"All cron jobs started","timestamp":"2024-11-12T14:10:29.044Z"}
{"level":"info","message":"All cron jobs started","timestamp":"2024-11-12T14:10:44.181Z"}
{"level":"info","message":"All cron jobs started","timestamp":"2024-11-12T14:10:46.179Z"}
{"level":"info","message":"All cron jobs started","timestamp":"2024-11-12T14:11:08.567Z"}
{"level":"info","message":"All cron jobs started","timestamp":"2024-11-12T14:11:28.966Z"}
{"level":"info","message":"All cron jobs started","timestamp":"2024-11-12T14:11:53.963Z"}
{"level":"info","message":"All cron jobs started","timestamp":"2024-11-12T14:12:03.668Z"}
{"level":"info","message":"All cron jobs started","timestamp":"2024-11-12T14:12:05.734Z"}
{"level":"info","message":"All cron jobs started","timestamp":"2024-11-12T14:13:18.862Z"}
{"level":"info","message":"All cron jobs started","timestamp":"2024-11-12T14:13:25.421Z"}
{"level":"info","message":"All cron jobs started","timestamp":"2024-11-12T14:13:43.130Z"}
{"level":"info","message":"All cron jobs started","timestamp":"2024-11-12T14:13:55.586Z"}
{"level":"info","message":"All cron jobs started","timestamp":"2024-11-12T14:14:04.814Z"}
{"level":"info","message":"All cron jobs started","timestamp":"2024-11-12T14:15:10.375Z"}
{"level":"info","message":"All cron jobs started","timestamp":"2024-11-12T14:23:21.795Z"}
{"level":"info","message":"All cron jobs started","timestamp":"2024-11-12T14:23:22.757Z"}
{"level":"info","message":"All cron jobs started","timestamp":"2024-11-12T14:23:28.268Z"}
{"level":"info","message":"All cron jobs started","timestamp":"2024-11-12T14:27:19.114Z"}
{"level":"info","message":"All cron jobs started","timestamp":"2024-11-12T14:27:24.075Z"}
{"level":"info","message":"All cron jobs started","timestamp":"2024-11-12T14:27:31.302Z"}
{"level":"info","message":"All cron jobs started","timestamp":"2024-11-12T14:27:39.684Z"}
{"level":"info","message":"All cron jobs started","timestamp":"2024-11-12T14:27:40.768Z"}
{"level":"info","message":"All cron jobs started","timestamp":"2024-11-12T14:27:54.420Z"}
{"level":"info","message":"All cron jobs started","timestamp":"2024-11-12T14:27:55.896Z"}
{"level":"info","message":"All cron jobs started","timestamp":"2024-11-12T14:28:02.618Z"}
{"level":"info","message":"All cron jobs started","timestamp":"2024-11-12T14:28:05.753Z"}
{"level":"info","message":"All cron jobs started","timestamp":"2024-11-12T14:28:08.987Z"}
{"level":"info","message":"All cron jobs started","timestamp":"2024-11-12T14:28:11.269Z"}
{"level":"info","message":"All cron jobs started","timestamp":"2024-11-12T14:28:12.910Z"}
{"level":"info","message":"All cron jobs started","timestamp":"2024-11-12T14:28:16.199Z"}
{"level":"info","message":"All cron jobs started","timestamp":"2024-11-12T14:28:29.711Z"}
{"level":"info","message":"All cron jobs started","timestamp":"2024-11-12T14:28:30.963Z"}
{"level":"info","message":"All cron jobs started","timestamp":"2024-11-12T14:28:32.291Z"}
{"level":"info","message":"All cron jobs started","timestamp":"2024-11-12T14:28:34.477Z"}
{"level":"info","message":"All cron jobs started","timestamp":"2024-11-12T14:28:37.444Z"}
{"level":"info","message":"All cron jobs started","timestamp":"2024-11-12T14:28:40.689Z"}
{"level":"info","message":"All cron jobs started","timestamp":"2024-11-12T14:29:05.770Z"}
{"level":"info","message":"All cron jobs started","timestamp":"2024-11-12T14:29:13.705Z"}
{"level":"info","message":"All cron jobs started","timestamp":"2024-11-12T14:29:27.080Z"}
{"level":"info","message":"All cron jobs started","timestamp":"2024-11-12T14:29:28.521Z"}
{"level":"info","message":"All cron jobs started","timestamp":"2024-11-12T14:30:48.690Z"}
{"level":"info","message":"All cron jobs started","timestamp":"2024-11-12T14:30:53.605Z"}
{"level":"info","message":"All cron jobs started","timestamp":"2024-11-12T14:30:54.703Z"}
{"level":"info","message":"All cron jobs started","timestamp":"2024-11-12T14:30:58.456Z"}
{"level":"info","message":"All cron jobs started","timestamp":"2024-11-12T14:31:07.340Z"}
{"level":"info","message":"All cron jobs started","timestamp":"2024-11-12T14:31:16.020Z"}
{"level":"info","message":"All cron jobs started","timestamp":"2024-11-12T14:31:19.759Z"}
{"level":"info","message":"All cron jobs started","timestamp":"2024-11-12T14:31:44.878Z"}
{"level":"info","message":"All cron jobs started","timestamp":"2024-11-12T14:31:46.800Z"}
{"level":"info","message":"All cron jobs started","timestamp":"2024-11-12T14:31:59.967Z"}
{"level":"info","message":"All cron jobs started","timestamp":"2024-11-12T14:32:07.211Z"}
{"level":"info","message":"All cron jobs started","timestamp":"2024-11-12T14:32:34.770Z"}
{"level":"info","message":"All cron jobs started","timestamp":"2024-11-12T14:32:51.179Z"}
{"level":"info","message":"All cron jobs started","timestamp":"2024-11-12T14:33:13.938Z"}
{"level":"info","message":"All cron jobs started","timestamp":"2024-11-12T14:33:43.497Z"}
{"level":"info","message":"All cron jobs started","timestamp":"2024-11-12T14:33:46.496Z"}
{"level":"info","message":"All cron jobs started","timestamp":"2024-11-12T14:33:49.951Z"}
{"level":"info","message":"All cron jobs started","timestamp":"2024-11-12T14:34:57.350Z"}
{"level":"info","message":"All cron jobs started","timestamp":"2024-11-12T14:35:04.182Z"}
{"level":"info","message":"All cron jobs started","timestamp":"2024-11-12T14:35:19.141Z"}
{"level":"info","message":"All cron jobs started","timestamp":"2024-11-12T14:35:44.337Z"}
{"level":"info","message":"All cron jobs started","timestamp":"2024-11-12T14:35:50.309Z"}
{"level":"info","message":"All cron jobs started","timestamp":"2024-11-12T14:38:02.003Z"}
{"level":"info","message":"All cron jobs started","timestamp":"2024-11-12T14:38:05.598Z"}
{"level":"info","message":"All cron jobs started","timestamp":"2024-11-12T14:38:16.394Z"}
{"level":"info","message":"All cron jobs started","timestamp":"2024-11-12T14:39:13.713Z"}
{"level":"info","message":"All cron jobs started","timestamp":"2024-11-12T14:39:18.251Z"}
{"level":"info","message":"All cron jobs started","timestamp":"2024-11-12T14:39:36.630Z"}
{"level":"info","message":"All cron jobs started","timestamp":"2024-11-12T14:39:39.845Z"}
{"level":"info","message":"All cron jobs started","timestamp":"2024-11-12T14:41:02.531Z"}
{"level":"info","message":"All cron jobs started","timestamp":"2024-11-12T14:41:18.634Z"}
{"level":"info","message":"All cron jobs started","timestamp":"2024-11-12T14:41:23.617Z"}
{"level":"info","message":"All cron jobs started","timestamp":"2024-11-12T14:41:29.172Z"}
{"level":"info","message":"All cron jobs started","timestamp":"2024-11-12T14:41:47.952Z"}
{"level":"info","message":"All cron jobs started","timestamp":"2024-11-12T14:41:50.208Z"}
{"level":"info","message":"All cron jobs started","timestamp":"2024-11-12T14:41:56.785Z"}
{"level":"info","message":"All cron jobs started","timestamp":"2024-11-12T14:41:58.301Z"}
{"level":"info","message":"All cron jobs started","timestamp":"2024-11-12T14:42:08.315Z"}
{"level":"info","message":"All cron jobs started","timestamp":"2024-11-12T14:42:09.730Z"}
{"level":"info","message":"All cron jobs started","timestamp":"2024-11-12T14:42:33.885Z"}
{"level":"info","message":"All cron jobs started","timestamp":"2024-11-12T14:42:55.613Z"}
{"level":"info","message":"All cron jobs started","timestamp":"2024-11-12T14:42:58.957Z"}
{"level":"info","message":"All cron jobs started","timestamp":"2024-11-12T14:43:27.187Z"}
{"level":"info","message":"All cron jobs started","timestamp":"2024-11-12T14:43:32.918Z"}
{"level":"info","message":"All cron jobs started","timestamp":"2024-11-12T14:43:37.160Z"}
{"level":"info","message":"All cron jobs started","timestamp":"2024-11-12T14:43:39.786Z"}
{"level":"info","message":"All cron jobs started","timestamp":"2024-11-12T14:43:42.032Z"}
{"level":"info","message":"All cron jobs started","timestamp":"2024-11-12T14:44:01.481Z"}
{"level":"info","message":"All cron jobs started","timestamp":"2024-11-12T14:44:05.616Z"}
{"level":"info","message":"All cron jobs started","timestamp":"2024-11-12T14:44:11.915Z"}
{"level":"info","message":"All cron jobs started","timestamp":"2024-11-12T14:44:27.476Z"}
{"level":"info","message":"All cron jobs started","timestamp":"2024-11-12T14:44:33.239Z"}
{"level":"info","message":"All cron jobs started","timestamp":"2024-11-12T14:44:36.928Z"}
{"level":"info","message":"All cron jobs started","timestamp":"2024-11-12T14:44:51.715Z"}
{"level":"info","message":"All cron jobs started","timestamp":"2024-11-12T14:44:53.097Z"}
{"level":"info","message":"All cron jobs started","timestamp":"2024-11-12T14:44:56.335Z"}
{"level":"info","message":"All cron jobs started","timestamp":"2024-11-12T14:45:09.770Z"}
{"level":"info","message":"All cron jobs started","timestamp":"2024-11-12T14:45:12.868Z"}
{"level":"info","message":"All cron jobs started","timestamp":"2024-11-12T14:45:24.036Z"}
{"level":"info","message":"All cron jobs started","timestamp":"2024-11-12T14:45:41.212Z"}
{"level":"info","message":"All cron jobs started","timestamp":"2024-11-12T14:47:13.183Z"}
{"level":"info","message":"All cron jobs started","timestamp":"2024-11-12T14:48:35.959Z"}
{"level":"info","message":"All cron jobs started","timestamp":"2024-11-12T14:50:08.756Z"}
{"level":"info","message":"All cron jobs started","timestamp":"2024-11-12T14:52:39.737Z"}
{"level":"info","message":"All cron jobs started","timestamp":"2024-11-12T14:53:14.396Z"}
{"level":"info","message":"All cron jobs started","timestamp":"2024-11-12T15:06:59.540Z"}
{"level":"info","message":"All cron jobs started","timestamp":"2024-11-12T15:07:06.177Z"}
{"level":"info","message":"All cron jobs started","timestamp":"2024-11-12T15:07:08.982Z"}
{"level":"info","message":"All cron jobs started","timestamp":"2024-11-12T15:07:41.030Z"}
{"level":"info","message":"All cron jobs started","timestamp":"2024-11-12T15:07:49.219Z"}
{"level":"info","message":"All cron jobs started","timestamp":"2024-11-12T15:07:54.640Z"}
{"level":"info","message":"All cron jobs started","timestamp":"2024-11-12T15:07:57.272Z"}
{"level":"info","message":"All cron jobs started","timestamp":"2024-11-12T15:08:01.261Z"}
{"level":"info","message":"All cron jobs started","timestamp":"2024-11-12T15:08:20.699Z"}
{"level":"info","message":"All cron jobs started","timestamp":"2024-11-12T15:08:40.399Z"}
{"level":"info","message":"All cron jobs started","timestamp":"2024-11-12T15:08:55.875Z"}
{"level":"info","message":"All cron jobs started","timestamp":"2024-11-12T15:09:59.734Z"}
{"level":"info","message":"All cron jobs started","timestamp":"2024-11-12T15:10:02.398Z"}
{"level":"info","message":"Email sent: <414f027c-5273-cd25-df31-eccfaa4bcba5@localhost>","timestamp":"2024-11-12T15:11:04.705Z"}
{"level":"info","message":"Attendance reminder sent to email1@gmail.com","timestamp":"2024-11-12T15:11:04.705Z"}
{"level":"info","message":"Email sent: <0f0a2cfa-466e-2fce-c6f2-307bc934a8bc@localhost>","timestamp":"2024-11-12T15:11:07.377Z"}
{"level":"info","message":"Attendance reminder sent to shubhamraskar69@gmail","timestamp":"2024-11-12T15:11:07.377Z"}
{"level":"info","message":"All cron jobs started","timestamp":"2024-11-12T15:11:29.485Z"}
{"level":"info","message":"All cron jobs started","timestamp":"2024-11-12T15:11:32.230Z"}
{"level":"info","message":"All cron jobs started","timestamp":"2024-11-12T15:11:34.679Z"}
{"level":"info","message":"All cron jobs started","timestamp":"2024-11-12T15:11:55.954Z"}
{"level":"info","message":"All cron jobs started","timestamp":"2024-11-12T15:12:02.532Z"}
{"level":"info","message":"All cron jobs started","timestamp":"2024-11-12T15:12:06.016Z"}
{"level":"info","message":"Email sent: <f109138b-1d45-60c7-9a06-39a64365e198@localhost>","timestamp":"2024-11-12T15:13:03.068Z"}
{"level":"info","message":"Attendance reminder sent to email1@gmail.com","timestamp":"2024-11-12T15:13:03.069Z"}
{"level":"info","message":"All cron jobs started","timestamp":"2024-11-12T15:13:22.322Z"}
{"level":"info","message":"All cron jobs started","timestamp":"2024-11-12T15:13:23.814Z"}
{"level":"info","message":"All cron jobs started","timestamp":"2024-11-12T15:13:37.880Z"}
{"level":"info","message":"All cron jobs started","timestamp":"2024-11-12T15:13:41.558Z"}
{"level":"info","message":"All cron jobs started","timestamp":"2024-11-12T15:15:27.956Z"}
{"level":"info","message":"All cron jobs started","timestamp":"2024-11-12T15:15:30.472Z"}
{"level":"info","message":"Email sent: <bb0ba415-455f-7d22-40ac-97aab1f49a21@localhost>","timestamp":"2024-11-12T15:16:03.611Z"}
{"level":"info","message":"Checkout reminder sent to shubhamraskar69@gmail","timestamp":"2024-11-12T15:16:03.612Z"}
{"level":"info","message":"All cron jobs started","timestamp":"2024-11-12T15:16:34.964Z"}
{"level":"info","message":"All cron jobs started","timestamp":"2024-11-12T15:16:45.034Z"}
{"level":"info","message":"All cron jobs started","timestamp":"2024-11-12T15:33:00.951Z"}
{"level":"info","message":"All cron jobs started","timestamp":"2024-11-12T15:33:24.374Z"}
{"level":"info","message":"All cron jobs started","timestamp":"2024-11-12T15:35:03.476Z"}
{"level":"info","message":"All cron jobs started","timestamp":"2024-11-12T15:35:05.611Z"}
{"level":"info","message":"All cron jobs started","timestamp":"2024-11-12T15:35:45.138Z"}
{"level":"info","message":"All cron jobs started","timestamp":"2024-11-12T15:35:47.913Z"}
{"level":"info","message":"All cron jobs started","timestamp":"2024-11-12T15:35:52.483Z"}
{"level":"info","message":"All cron jobs started","timestamp":"2024-11-12T15:35:57.259Z"}
{"level":"info","message":"All cron jobs started","timestamp":"2024-11-12T15:36:03.573Z"}
{"level":"info","message":"All cron jobs started","timestamp":"2024-11-12T15:36:04.669Z"}
{"level":"info","message":"All cron jobs started","timestamp":"2024-11-12T15:36:06.060Z"}
{"level":"info","message":"All cron jobs started","timestamp":"2024-11-12T15:36:07.563Z"}
{"level":"info","message":"All cron jobs started","timestamp":"2024-11-12T15:36:24.134Z"}
{"level":"info","message":"All cron jobs started","timestamp":"2024-11-12T15:37:40.803Z"}
{"level":"info","message":"All cron jobs started","timestamp":"2024-11-12T15:37:49.860Z"}
{"level":"info","message":"All cron jobs started","timestamp":"2024-11-12T15:37:52.322Z"}
{"level":"info","message":"All cron jobs started","timestamp":"2024-11-12T15:37:59.724Z"}
{"level":"info","message":"All cron jobs started","timestamp":"2024-11-12T15:38:11.288Z"}
{"level":"info","message":"All cron jobs started","timestamp":"2024-11-12T15:38:23.080Z"}
{"level":"info","message":"All cron jobs started","timestamp":"2024-11-12T15:41:59.014Z"}
{"level":"info","message":"All cron jobs started","timestamp":"2024-11-12T15:42:32.435Z"}
{"level":"info","message":"All cron jobs started","timestamp":"2024-11-12T15:49:18.511Z"}
{"level":"info","message":"All cron jobs started","timestamp":"2024-11-12T15:49:20.794Z"}
{"level":"info","message":"All cron jobs started","timestamp":"2024-11-12T15:49:42.467Z"}
{"level":"info","message":"All cron jobs started","timestamp":"2024-11-12T15:49:45.029Z"}
{"level":"info","message":"All cron jobs started","timestamp":"2024-11-12T15:49:49.028Z"}
{"level":"info","message":"All cron jobs started","timestamp":"2024-11-12T15:50:03.723Z"}
{"level":"info","message":"All cron jobs started","timestamp":"2024-11-12T15:50:06.976Z"}
{"level":"info","message":"All cron jobs started","timestamp":"2024-11-12T15:50:31.748Z"}
{"level":"info","message":"All cron jobs started","timestamp":"2024-11-12T15:52:31.459Z"}
{"level":"info","message":"All cron jobs started","timestamp":"2024-11-12T15:52:37.063Z"}
{"level":"info","message":"All cron jobs started","timestamp":"2024-11-12T15:52:40.942Z"}
{"level":"info","message":"All cron jobs started","timestamp":"2024-11-12T15:52:42.142Z"}
{"level":"info","message":"All cron jobs started","timestamp":"2024-11-12T15:52:45.036Z"}
{"level":"info","message":"All cron jobs started","timestamp":"2024-11-12T15:52:47.014Z"}
{"level":"info","message":"All cron jobs started","timestamp":"2024-11-12T15:52:50.468Z"}
{"level":"info","message":"All cron jobs started","timestamp":"2024-11-12T15:52:59.311Z"}
{"level":"info","message":"All cron jobs started","timestamp":"2024-11-12T15:53:03.755Z"}
{"level":"info","message":"All cron jobs started","timestamp":"2024-11-12T15:53:05.990Z"}
{"level":"info","message":"All cron jobs started","timestamp":"2024-11-12T15:53:08.256Z"}
{"level":"info","message":"All cron jobs started","timestamp":"2024-11-12T15:53:11.252Z"}
{"level":"info","message":"All cron jobs started","timestamp":"2024-11-12T15:53:14.099Z"}
{"level":"info","message":"All cron jobs started","timestamp":"2024-11-12T15:53:16.470Z"}
{"level":"info","message":"All cron jobs started","timestamp":"2024-11-12T15:53:24.205Z"}
{"level":"info","message":"All cron jobs started","timestamp":"2024-11-12T15:53:59.655Z"}
{"level":"info","message":"All cron jobs started","timestamp":"2024-11-12T15:54:02.312Z"}
{"level":"info","message":"All cron jobs started","timestamp":"2024-11-12T15:54:03.561Z"}
{"level":"info","message":"All cron jobs started","timestamp":"2024-11-12T15:54:11.976Z"}
{"level":"info","message":"All cron jobs started","timestamp":"2024-11-12T15:54:13.302Z"}
{"level":"info","message":"All cron jobs started","timestamp":"2024-11-12T15:54:20.052Z"}
{"level":"info","message":"All cron jobs started","timestamp":"2024-11-12T15:54:25.785Z"}
{"level":"info","message":"All cron jobs started","timestamp":"2024-11-12T15:54:29.474Z"}
{"level":"info","message":"All cron jobs started","timestamp":"2024-11-12T15:54:34.013Z"}
{"level":"info","message":"All cron jobs started","timestamp":"2024-11-12T15:54:41.627Z"}
{"level":"info","message":"All cron jobs started","timestamp":"2024-11-12T15:54:51.685Z"}
{"level":"info","message":"All cron jobs started","timestamp":"2024-11-12T15:54:55.487Z"}
{"level":"info","message":"All cron jobs started","timestamp":"2024-11-12T15:56:37.829Z"}
{"level":"info","message":"All cron jobs started","timestamp":"2024-11-12T15:56:57.812Z"}
{"level":"info","message":"All cron jobs started","timestamp":"2024-11-12T15:57:15.148Z"}
{"level":"info","message":"All cron jobs started","timestamp":"2024-11-12T15:57:18.327Z"}
{"level":"info","message":"All cron jobs started","timestamp":"2024-11-12T15:57:20.426Z"}
{"level":"info","message":"All cron jobs started","timestamp":"2024-11-12T15:57:55.349Z"}
{"level":"info","message":"All cron jobs started","timestamp":"2024-11-12T15:57:56.920Z"}
{"level":"info","message":"All cron jobs started","timestamp":"2024-11-12T15:58:03.414Z"}
{"level":"info","message":"All cron jobs started","timestamp":"2024-11-12T15:58:04.255Z"}
{"level":"info","message":"All cron jobs started","timestamp":"2024-11-12T15:58:08.767Z"}
{"level":"info","message":"All cron jobs started","timestamp":"2024-11-12T15:59:47.663Z"}
{"level":"info","message":"All cron jobs started","timestamp":"2024-11-12T16:00:52.817Z"}
{"level":"info","message":"All cron jobs started","timestamp":"2024-11-12T16:00:54.669Z"}
{"level":"info","message":"All cron jobs started","timestamp":"2024-11-12T16:00:56.168Z"}
{"level":"info","message":"All cron jobs started","timestamp":"2024-11-12T16:01:12.462Z"}
{"level":"info","message":"All cron jobs started","timestamp":"2024-11-12T16:01:14.194Z"}
{"level":"info","message":"All cron jobs started","timestamp":"2024-11-12T16:01:17.427Z"}
{"level":"info","message":"All cron jobs started","timestamp":"2024-11-12T16:02:28.894Z"}
{"level":"info","message":"All cron jobs started","timestamp":"2024-11-12T16:05:32.690Z"}
{"level":"info","message":"All cron jobs started","timestamp":"2024-11-12T16:05:36.125Z"}
{"level":"info","message":"All cron jobs started","timestamp":"2024-11-12T16:05:39.533Z"}
{"level":"info","message":"All cron jobs started","timestamp":"2024-11-12T16:05:47.222Z"}
{"level":"info","message":"All cron jobs started","timestamp":"2024-11-12T16:05:53.287Z"}
{"level":"info","message":"All cron jobs started","timestamp":"2024-11-12T16:05:55.525Z"}
{"level":"info","message":"All cron jobs started","timestamp":"2024-11-12T16:05:56.590Z"}
{"level":"info","message":"All cron jobs started","timestamp":"2024-11-12T16:05:59.621Z"}
{"level":"info","message":"All cron jobs started","timestamp":"2024-11-12T16:06:02.775Z"}
{"level":"info","message":"All cron jobs started","timestamp":"2024-11-12T16:06:05.627Z"}
{"level":"info","message":"All cron jobs started","timestamp":"2024-11-12T16:06:56.189Z"}
{"level":"info","message":"All cron jobs started","timestamp":"2024-11-12T16:07:00.744Z"}
{"level":"info","message":"All cron jobs started","timestamp":"2024-11-12T16:07:02.798Z"}
{"level":"info","message":"All cron jobs started","timestamp":"2024-11-12T16:07:06.329Z"}
{"level":"info","message":"All cron jobs started","timestamp":"2024-11-12T16:08:21.227Z"}
{"level":"info","message":"All cron jobs started","timestamp":"2024-11-12T16:38:27.562Z"}
{"level":"info","message":"All cron jobs started","timestamp":"2024-11-12T16:38:35.038Z"}
{"level":"info","message":"All cron jobs started","timestamp":"2024-11-12T16:39:02.577Z"}
{"level":"info","message":"All cron jobs started","timestamp":"2024-11-12T16:39:09.695Z"}
{"level":"info","message":"All cron jobs started","timestamp":"2024-11-12T16:39:11.406Z"}
{"level":"info","message":"All cron jobs started","timestamp":"2024-11-12T16:39:14.372Z"}
{"level":"info","message":"All cron jobs started","timestamp":"2024-11-12T16:39:24.520Z"}
{"level":"info","message":"All cron jobs started","timestamp":"2024-11-12T16:39:40.697Z"}
{"level":"info","message":"All cron jobs started","timestamp":"2024-11-12T16:39:43.067Z"}
{"level":"info","message":"All cron jobs started","timestamp":"2024-11-12T16:39:49.079Z"}
{"level":"info","message":"All cron jobs started","timestamp":"2024-11-12T16:52:26.910Z"}
{"level":"info","message":"All cron jobs started","timestamp":"2024-11-12T16:52:32.353Z"}
{"level":"info","message":"All cron jobs started","timestamp":"2024-11-12T16:52:39.431Z"}
{"level":"info","message":"All cron jobs started","timestamp":"2024-11-12T16:53:15.677Z"}
{"level":"info","message":"All cron jobs started","timestamp":"2024-11-12T16:53:32.090Z"}
{"level":"info","message":"All cron jobs started","timestamp":"2024-11-12T16:53:36.215Z"}
{"level":"info","message":"All cron jobs started","timestamp":"2024-11-12T16:53:44.876Z"}
{"level":"info","message":"All cron jobs started","timestamp":"2024-11-12T16:53:47.836Z"}
{"level":"info","message":"All cron jobs started","timestamp":"2024-11-12T16:53:50.700Z"}
{"level":"info","message":"All cron jobs started","timestamp":"2024-11-12T16:55:59.913Z"}
{"level":"info","message":"All cron jobs started","timestamp":"2024-11-12T17:42:31.813Z"}
{"level":"info","message":"All cron jobs started","timestamp":"2024-11-12T18:22:07.468Z"}
{"level":"info","message":"All cron jobs started","timestamp":"2024-11-12T18:22:11.526Z"}
{"level":"info","message":"All cron jobs started","timestamp":"2024-11-12T18:22:21.090Z"}
{"level":"info","message":"All cron jobs started","timestamp":"2024-11-12T18:22:25.175Z"}
{"level":"info","message":"All cron jobs started","timestamp":"2024-11-12T18:22:27.372Z"}
{"level":"info","message":"All cron jobs started","timestamp":"2024-11-12T18:22:30.207Z"}
{"level":"info","message":"All cron jobs started","timestamp":"2024-11-12T18:22:40.812Z"}
{"level":"info","message":"All cron jobs started","timestamp":"2024-11-12T18:22:42.485Z"}
{"level":"info","message":"All cron jobs started","timestamp":"2024-11-12T18:22:45.516Z"}
{"level":"info","message":"All cron jobs started","timestamp":"2024-11-12T18:22:51.800Z"}
{"level":"info","message":"All cron jobs started","timestamp":"2024-11-12T18:22:54.957Z"}
{"level":"info","message":"All cron jobs started","timestamp":"2024-11-12T18:22:56.644Z"}
{"level":"info","message":"All cron jobs started","timestamp":"2024-11-12T18:22:59.355Z"}
{"level":"info","message":"All cron jobs started","timestamp":"2024-11-12T18:23:00.863Z"}
{"level":"info","message":"All cron jobs started","timestamp":"2024-11-12T18:23:03.031Z"}
{"level":"info","message":"All cron jobs started","timestamp":"2024-11-12T18:23:05.472Z"}
{"level":"info","message":"All cron jobs started","timestamp":"2024-11-12T18:23:49.340Z"}
{"level":"info","message":"All cron jobs started","timestamp":"2024-11-12T18:24:08.059Z"}
{"level":"info","message":"All cron jobs started","timestamp":"2024-11-12T18:24:09.917Z"}
{"level":"info","message":"All cron jobs started","timestamp":"2024-11-12T18:24:14.169Z"}
{"level":"info","message":"All cron jobs started","timestamp":"2024-11-12T18:24:18.062Z"}
{"level":"info","message":"All cron jobs started","timestamp":"2024-11-12T18:24:19.634Z"}
{"level":"info","message":"All cron jobs started","timestamp":"2024-11-12T18:24:37.410Z"}
{"level":"info","message":"All cron jobs started","timestamp":"2024-11-12T18:24:51.872Z"}
{"level":"info","message":"All cron jobs started","timestamp":"2024-11-12T18:25:08.855Z"}
{"level":"info","message":"All cron jobs started","timestamp":"2024-11-12T18:25:22.661Z"}
{"level":"info","message":"All cron jobs started","timestamp":"2024-11-12T18:25:32.097Z"}
{"level":"info","message":"All cron jobs started","timestamp":"2024-11-12T18:25:34.582Z"}
{"level":"info","message":"All cron jobs started","timestamp":"2024-11-12T18:25:41.037Z"}
{"level":"info","message":"All cron jobs started","timestamp":"2024-11-12T18:25:46.630Z"}
{"level":"info","message":"All cron jobs started","timestamp":"2024-11-12T18:25:49.167Z"}
{"level":"info","message":"All cron jobs started","timestamp":"2024-11-12T18:25:50.972Z"}
{"level":"info","message":"All cron jobs started","timestamp":"2024-11-12T18:25:51.894Z"}
{"level":"info","message":"All cron jobs started","timestamp":"2024-11-12T18:25:55.271Z"}
{"level":"info","message":"All cron jobs started","timestamp":"2024-11-12T18:26:56.350Z"}
{"level":"info","message":"All cron jobs started","timestamp":"2024-11-12T18:26:58.316Z"}
{"level":"info","message":"All cron jobs started","timestamp":"2024-11-12T18:27:45.853Z"}
{"level":"info","message":"All cron jobs started","timestamp":"2024-11-12T18:27:50.643Z"}
{"level":"info","message":"All cron jobs started","timestamp":"2024-11-12T18:27:53.565Z"}
{"level":"info","message":"All cron jobs started","timestamp":"2024-11-12T18:27:55.820Z"}
{"level":"info","message":"All cron jobs started","timestamp":"2024-11-12T18:28:05.270Z"}
{"level":"info","message":"All cron jobs started","timestamp":"2024-11-12T18:31:35.433Z"}
{"level":"info","message":"All cron jobs started","timestamp":"2024-11-12T18:31:49.355Z"}
{"level":"info","message":"All cron jobs started","timestamp":"2024-11-12T18:31:50.783Z"}
{"level":"info","message":"All cron jobs started","timestamp":"2024-11-12T18:32:45.512Z"}
{"level":"info","message":"All cron jobs started","timestamp":"2024-11-12T18:32:53.455Z"}
{"level":"info","message":"All cron jobs started","timestamp":"2024-11-12T18:33:02.373Z"}
{"level":"info","message":"All cron jobs started","timestamp":"2024-11-12T18:33:21.840Z"}
{"level":"info","message":"All cron jobs started","timestamp":"2024-11-12T18:33:27.417Z"}
{"level":"info","message":"All cron jobs started","timestamp":"2024-11-12T18:33:36.448Z"}
{"level":"info","message":"All cron jobs started","timestamp":"2024-11-12T18:33:39.289Z"}
{"level":"info","message":"All cron jobs started","timestamp":"2024-11-12T18:33:47.220Z"}
{"level":"info","message":"All cron jobs started","timestamp":"2024-11-12T18:33:53.349Z"}
{"level":"info","message":"All cron jobs started","timestamp":"2024-11-12T18:34:02.041Z"}
{"level":"info","message":"All cron jobs started","timestamp":"2024-11-12T18:34:04.858Z"}
{"level":"info","message":"All cron jobs started","timestamp":"2024-11-12T18:34:08.545Z"}
{"level":"info","message":"All cron jobs started","timestamp":"2024-11-12T18:34:09.585Z"}
{"level":"info","message":"All cron jobs started","timestamp":"2024-11-12T18:34:15.478Z"}
{"level":"info","message":"All cron jobs started","timestamp":"2024-11-12T18:34:33.930Z"}
{"level":"info","message":"All cron jobs started","timestamp":"2024-11-12T18:34:35.614Z"}
{"level":"info","message":"All cron jobs started","timestamp":"2024-11-12T18:34:36.973Z"}
{"level":"info","message":"All cron jobs started","timestamp":"2024-11-12T18:34:38.447Z"}
{"level":"info","message":"All cron jobs started","timestamp":"2024-11-12T18:34:39.938Z"}
{"level":"info","message":"All cron jobs started","timestamp":"2024-11-12T18:35:48.935Z"}
{"level":"info","message":"All cron jobs started","timestamp":"2024-11-12T18:35:56.545Z"}
{"level":"info","message":"All cron jobs started","timestamp":"2024-11-12T18:36:45.165Z"}
{"level":"info","message":"All cron jobs started","timestamp":"2024-11-12T18:37:14.605Z"}
{"level":"info","message":"All cron jobs started","timestamp":"2024-11-12T18:37:25.338Z"}
{"level":"info","message":"All cron jobs started","timestamp":"2024-11-13T04:13:53.885Z"}
{"level":"info","message":"All cron jobs started","timestamp":"2024-11-13T05:00:45.837Z"}
{"level":"info","message":"All cron jobs started","timestamp":"2024-11-13T05:02:18.443Z"}
{"level":"info","message":"All cron jobs started","timestamp":"2024-11-13T05:02:56.895Z"}
{"level":"info","message":"All cron jobs started","timestamp":"2024-11-13T05:03:11.138Z"}
{"level":"info","message":"All cron jobs started","timestamp":"2024-11-13T09:58:42.967Z"}
{"level":"info","message":"All cron jobs started","timestamp":"2024-11-13T10:01:43.868Z"}
{"level":"info","message":"All cron jobs started","timestamp":"2024-11-13T10:23:54.670Z"}
{"level":"info","message":"All cron jobs started","timestamp":"2024-11-13T10:23:59.382Z"}
